[32minfo[39m:    Timestamp: 2024-12-10T17:43:06.696Z
	[x] Message: Reading config file...



[32minfo[39m:    Timestamp: 2024-12-10T17:43:06.700Z
	[x] Message: Done!



[32minfo[39m:    Timestamp: 2024-12-10T17:44:53.284Z
	[x] Message: Reading config file...



[32minfo[39m:    Timestamp: 2024-12-10T17:44:53.301Z
	[x] Message: Creating actor...



[32minfo[39m:    Timestamp: 2024-12-10T17:44:53.306Z
	[x] Message: Started scraping...



[32minfo[39m:    Timestamp: 2024-12-10T17:44:53.307Z
	[x] Message: Building inputs...



[32minfo[39m:    Timestamp: 2024-12-10T17:45:23.579Z
	[x] Message: Parsing outputs...



[33mwarn[39m:    Timestamp: 2024-12-10T17:45:23.582Z
	[x] Message: Post data validation failed.
	[x] Error: [object Object]



[33mwarn[39m:    Timestamp: 2024-12-10T17:45:23.584Z
	[x] Message: Post data validation failed.
	[x] Error: [object Object]



[33mwarn[39m:    Timestamp: 2024-12-10T17:45:23.586Z
	[x] Message: Post data validation failed.
	[x] Error: [object Object]



[33mwarn[39m:    Timestamp: 2024-12-10T17:45:23.588Z
	[x] Message: Post data validation failed.
	[x] Error: [object Object]



[33mwarn[39m:    Timestamp: 2024-12-10T17:45:23.590Z
	[x] Message: Post data validation failed.
	[x] Error: [object Object]



[33mwarn[39m:    Timestamp: 2024-12-10T17:45:23.592Z
	[x] Message: Post data validation failed.
	[x] Error: [object Object]



[33mwarn[39m:    Timestamp: 2024-12-10T17:45:23.594Z
	[x] Message: Post data validation failed.
	[x] Error: [object Object]



[33mwarn[39m:    Timestamp: 2024-12-10T17:45:23.596Z
	[x] Message: Post data validation failed.
	[x] Error: [object Object]



[33mwarn[39m:    Timestamp: 2024-12-10T17:45:23.598Z
	[x] Message: Post data validation failed.
	[x] Error: [object Object]



[32minfo[39m:    Timestamp: 2024-12-10T17:45:23.646Z
	[x] Message: Done!



[32minfo[39m:    Timestamp: 2024-12-10T17:58:55.024Z
	[x] Message: Reading config file...



[32minfo[39m:    Timestamp: 2024-12-10T17:58:55.035Z
	[x] Message: Creating actor...



[32minfo[39m:    Timestamp: 2024-12-10T17:58:55.047Z
	[x] Message: Started scraping...



[32minfo[39m:    Timestamp: 2024-12-10T17:58:55.048Z
	[x] Message: Building inputs...



[32minfo[39m:    Timestamp: 2024-12-10T17:59:18.303Z
	[x] Message: Parsing outputs...



[33mwarn[39m:    Timestamp: 2024-12-10T17:59:18.306Z
	[x] Message: Post data validation failed.
	[x] Error: [object Object]



[33mwarn[39m:    Timestamp: 2024-12-10T17:59:18.308Z
	[x] Message: Post data validation failed.
	[x] Error: [object Object]



[33mwarn[39m:    Timestamp: 2024-12-10T17:59:18.310Z
	[x] Message: Post data validation failed.
	[x] Error: [object Object]



[32minfo[39m:    Timestamp: 2024-12-10T17:59:18.351Z
	[x] Message: Done!



[32minfo[39m:    2024-12-10T18:09:00.435Z	[x] Message: Reading config file...	


[32minfo[39m:    2024-12-10T18:09:00.446Z	[x] Message: Creating actor...	


[32minfo[39m:    2024-12-10T18:09:00.451Z	[x] Message: Started scraping...	


[32minfo[39m:    2024-12-10T18:09:00.451Z	[x] Message: Building inputs...	


[32minfo[39m:    2024-12-10T18:09:32.550Z	[x] Message: Parsing outputs...	


[33mwarn[39m:    2024-12-10T18:09:32.552Z	[x] Message: Post data validation failed.	| [x] Error: [object Object]	


[33mwarn[39m:    2024-12-10T18:09:32.553Z	[x] Message: Post data validation failed.	| [x] Error: [object Object]	


[33mwarn[39m:    2024-12-10T18:09:32.554Z	[x] Message: Post data validation failed.	| [x] Error: [object Object]	


[32minfo[39m:    2024-12-10T18:09:32.596Z	[x] Message: Done!	


[32minfo[39m:    2024-12-10T18:10:59.697Z| [x] Message: Reading config file...


[32minfo[39m:    2024-12-10T18:10:59.708Z| [x] Message: Creating actor...


[32minfo[39m:    2024-12-10T18:10:59.712Z| [x] Message: Started scraping...


[32minfo[39m:    2024-12-10T18:10:59.714Z| [x] Message: Building inputs...


[32minfo[39m:    2024-12-10T18:11:32.801Z| [x] Message: Parsing outputs...


[33mwarn[39m:    2024-12-10T18:11:32.803Z| [x] Message: Post data validation failed.| [x] Error: [object Object]


[33mwarn[39m:    2024-12-10T18:11:32.804Z| [x] Message: Post data validation failed.| [x] Error: [object Object]


[33mwarn[39m:    2024-12-10T18:11:32.805Z| [x] Message: Post data validation failed.| [x] Error: [object Object]


[32minfo[39m:    2024-12-10T18:11:32.849Z| [x] Message: Done!


[32minfo[39m:    2024-12-10T18:11:50.950Z| [x] Message: Reading config file...	


[32minfo[39m:    2024-12-10T18:11:50.961Z| [x] Message: Creating actor...	


[32minfo[39m:    2024-12-10T18:11:50.968Z| [x] Message: Started scraping...	


[32minfo[39m:    2024-12-10T18:11:50.969Z| [x] Message: Building inputs...	


[32minfo[39m:    On: 2024-12-10T18:13:16.292Z	| [x] Message: Reading config file...	


[32minfo[39m:    On: 2024-12-10T18:13:16.303Z	| [x] Message: Creating actor...	


[32minfo[39m:    On: 2024-12-10T18:13:16.310Z	| [x] Message: Started scraping...	


[32minfo[39m:    On: 2024-12-10T18:13:16.311Z	| [x] Message: Building inputs...	


[32MINFO[39M -     On: 2024-12-10T18:14:51.556Z	| [x] Message: Reading config file...	


[32MINFO[39M -     On: 2024-12-10T18:14:51.567Z	| [x] Message: Creating actor...	


[32MINFO[39M -     On: 2024-12-10T18:14:51.571Z	| [x] Message: Started scraping...	


[32MINFO[39M -     On: 2024-12-10T18:14:51.572Z	| [x] Message: Building inputs...	


[32MINFO[39M -     On: 2024-12-10T18:15:28.334Z	| [x] Message: Reading config file...	


[32MINFO[39M -     On: 2024-12-10T18:15:28.348Z	| [x] Message: Creating actor...	


[32MINFO[39M -     On: 2024-12-10T18:15:28.356Z	| [x] Message: Started scraping...	


[32MINFO[39M -     On: 2024-12-10T18:15:28.358Z	| [x] Message: Building inputs...	


[32MINFO[39M -     2024-12-10T18:15:53.861Z	| [x] Message: Reading config file...	


[32MINFO[39M -     2024-12-10T18:15:53.873Z	| [x] Message: Creating actor...	


[32MINFO[39M -     2024-12-10T18:15:53.879Z	| [x] Message: Started scraping...	


[32MINFO[39M -     2024-12-10T18:15:53.880Z	| [x] Message: Building inputs...	


[32MINFO[39M -     2024-12-10T18:18:24.443Z	| [x] Message: Reading config file...	


[32MINFO[39M -     2024-12-10T18:18:24.454Z	| [x] Message: Creating actor...	


[32MINFO[39M -     2024-12-10T18:18:24.459Z	| [x] Message: Started scraping...	


[32MINFO[39M -     2024-12-10T18:18:24.460Z	| [x] Message: Building inputs...	


[32MINFO[39M -     2024-12-10T18:19:06.563Z	| [*] Message: Reading config file...	


[32MINFO[39M -     2024-12-10T18:19:06.574Z	| [*] Message: Creating actor...	


[32MINFO[39M -     2024-12-10T18:19:06.580Z	| [*] Message: Started scraping...	


[32MINFO[39M -     2024-12-10T18:19:06.580Z	| [*] Message: Building inputs...	


